[2025-07-17 12:05:24,078] WARNING django.request Unauthorized: /api/organizations/by-user/45/
[2025-07-17 12:19:17,536] WARNING django.request Unauthorized: /api/organizations/by-user/45/
[2025-07-17 12:19:43,408] WARNING django.request Not Found: /api/user-orgnizationn-info/45/
[2025-07-17 12:20:37,510] WARNING django.request Unauthorized: /api/user-orgnizationn-info/45/
[2025-07-17 12:21:31,978] WARNING django.request Not Found: /api/user-orgnizationn-info/45/
[2025-07-17 12:23:28,056] WARNING django.request Not Found: /api/users/45/
[2025-07-17 12:27:15,522] WARNING django.request Unauthorized: /api/organizations/by-user/45/
[2025-07-17 12:27:25,151] WARNING django.request Unauthorized: /api/organizations/by-user/45/
[2025-07-17 12:32:51,787] WARNING django.request Unauthorized: /api/organizations/by-user/45/
[2025-07-17 12:33:56,272] WARNING django.request Unauthorized: /api/organizations/by-user/45/
[2025-07-17 12:41:03,295] WARNING django.request Unauthorized: /api/organizations/by-user/45/
[2025-07-17 12:42:36,596] WARNING django.request Unauthorized: /api/organizations/by-user/45/
[2025-07-17 12:42:37,099] WARNING django.request Unauthorized: /api/organizations/by-user/45/
[2025-07-17 13:11:55,155] WARNING django.request Unauthorized: /api/user-orgnizationn-info/65/
[2025-07-17 13:12:05,372] WARNING django.request Unauthorized: /api/organizations/by-user/45/
[2025-07-17 13:14:56,957] WARNING django.request Unauthorized: /api/organizations/by-user/45/
[2025-07-17 13:17:38,810] WARNING django.request Unauthorized: /api/organizations/by-user/45/
[2025-07-17 13:23:54,072] WARNING django.request Unauthorized: /api/organizations/by-user/45/
[2025-07-17 13:27:12,473] WARNING django.request Unauthorized: /api/organizations/by-user/65/
[2025-07-17 13:31:18,099] WARNING django.request Unauthorized: /api/organizations/by-user/45/
[2025-07-17 13:37:03,059] WARNING django.request Unauthorized: /api/organizations/by-user/45/
[2025-07-17 13:40:03,900] WARNING django.request Unauthorized: /api/organizations/by-user/45/
[2025-07-17 13:43:54,778] WARNING django.request Unauthorized: /api/organizations/by-user/65/
[2025-07-17 13:49:15,450] WARNING django.request Unauthorized: /api/organizations/by-user/45/
[2025-07-17 13:52:27,068] WARNING django.request Not Found: /api/user-organizationn-info/45/
[2025-07-17 13:53:14,406] WARNING django.request Not Found: /api/user-organizationn-info/45/
[2025-07-17 13:53:15,239] WARNING django.request Not Found: /api/user-organizationn-info/45/
[2025-07-17 13:53:15,658] WARNING django.request Not Found: /api/user-organizationn-info/45/
[2025-07-17 13:53:15,988] WARNING django.request Not Found: /api/user-organizationn-info/45/
[2025-07-17 13:53:16,306] WARNING django.request Not Found: /api/user-organizationn-info/45/
[2025-07-17 13:53:16,651] WARNING django.request Not Found: /api/user-organizationn-info/45/
[2025-07-17 13:53:16,912] WARNING django.request Not Found: /api/user-organizationn-info/45/
[2025-07-17 13:53:17,197] WARNING django.request Not Found: /api/user-organizationn-info/45/
[2025-07-17 13:53:17,802] WARNING django.request Not Found: /api/user-organizationn-info/45/
[2025-07-17 13:53:18,077] WARNING django.request Not Found: /api/user-organizationn-info/45/
[2025-07-17 13:53:18,873] WARNING django.request Not Found: /api/user-organizationn-info/45/
[2025-07-17 13:53:19,187] WARNING django.request Not Found: /api/user-organizationn-info/45/
[2025-07-17 13:53:19,527] WARNING django.request Not Found: /api/user-organizationn-info/45/
[2025-07-17 13:53:19,837] WARNING django.request Not Found: /api/user-organizationn-info/45/
[2025-07-17 13:53:20,147] WARNING django.request Not Found: /api/user-organizationn-info/45/
[2025-07-17 13:53:20,627] WARNING django.request Not Found: /api/user-organizationn-info/45/
[2025-07-17 13:53:20,847] WARNING django.request Not Found: /api/user-organizationn-info/45/
[2025-07-17 13:53:21,027] WARNING django.request Not Found: /api/user-organizationn-info/45/
[2025-07-17 13:53:31,413] WARNING django.request Unauthorized: /api/company/get-company-details-by-organization-id/
[2025-07-17 15:30:19,647] WARNING django.request Not Found: /
[2025-07-17 15:31:39,278] WARNING django.request Not Found: /
[2025-07-17 16:14:08,524] WARNING django.request Not Found: /
[2025-07-17 16:14:17,332] WARNING django.request Not Found: /
[2025-07-18 05:26:54,922] WARNING django.request Unauthorized: /api/organizations/by-user/45/
[2025-07-18 05:27:12,295] WARNING django.request Unauthorized: /api/organizations/by-user/45/
[2025-07-18 05:51:26,473] WARNING django.request Unauthorized: /api/organizations/by-user/45/
[2025-07-18 05:51:26,529] WARNING django.request Unauthorized: /api/organizations/by-user/45/
[2025-07-18 06:46:30,422] WARNING django.request Unauthorized: /api/organizations/58/
[2025-07-18 06:46:30,598] WARNING django.request Unauthorized: /api/organizations/58/
[2025-07-18 06:56:42,229] WARNING django.request Unauthorized: /api/organizations/54/
[2025-07-18 06:56:42,295] WARNING django.request Unauthorized: /api/organizations/54/
[2025-07-18 07:23:15,588] WARNING django.request Unauthorized: /api/organizations/by-user/45/
[2025-07-18 07:41:02,409] WARNING django.request Unauthorized: /api/organizations/by-user/45/
[2025-07-18 08:56:31,013] WARNING django.request Unauthorized: /api/organizations/by-user/45/
[2025-07-18 09:25:16,473] WARNING django.request Unauthorized: /api/organizations/54/
[2025-07-18 09:39:35,575] WARNING django.request Unauthorized: /api/organizations/by-user/45/
[2025-07-18 09:52:36,243] WARNING django.request Unauthorized: /api/organizations/54/
[2025-07-18 09:58:31,367] WARNING django.request Unauthorized: /api/organizations/by-user/45/
[2025-07-18 10:03:41,072] WARNING django.request Unauthorized: /api/organizations/by-user/45/
[2025-07-18 10:09:03,739] WARNING django.request Unauthorized: /api/organizations/by-user/45/
[2025-07-18 10:10:02,154] WARNING django.request Not Found: /api/'user-orgnizationn-info/45/
[2025-07-18 10:10:06,725] WARNING django.request Not Found: /api/'user-orgnizationn-info/45/
[2025-07-18 10:10:14,148] WARNING django.request Unauthorized: /api/user-orgnizationn-info/45/
[2025-07-18 10:16:49,513] WARNING django.request Unauthorized: /api/organizations/by-user/45/
[2025-07-18 10:16:55,869] WARNING django.request Unauthorized: /api/organizations/by-user/45/
[2025-07-18 10:18:31,304] WARNING django.request Unauthorized: /api/organizations/by-user/45/
[2025-07-18 10:33:17,029] WARNING django.request Unauthorized: /api/organizations/by-user/45/
[2025-07-18 10:33:29,511] WARNING django.request Unauthorized: /api/organizations/by-user/45/
[2025-07-18 10:33:47,368] WARNING django.request Bad Request: /api/entities/
[2025-07-18 10:33:58,632] WARNING django.request Bad Request: /api/entities/
[2025-07-18 10:41:40,442] WARNING django.request Unauthorized: /api/organizations/by-user/45/
[2025-07-18 10:56:26,605] WARNING django.request Not Found: /api/user-orgnizationn-info/$
[2025-07-18 11:04:28,191] WARNING django.request Unauthorized: /api/organizations/by-user/45/
[2025-07-18 11:13:37,548] WARNING django.request Unauthorized: /api/organizations/by-user/45/
[2025-07-18 11:19:28,610] WARNING django.request Unauthorized: /api/organizations/by-user/45/
[2025-07-18 11:24:29,639] WARNING django.request Unauthorized: /api/user-orgnizationn-info/45/
[2025-07-18 11:24:40,310] WARNING django.request Unauthorized: /api/user-orgnizationn-info/45/
[2025-07-18 11:25:24,680] WARNING django.request Unauthorized: /api/user-orgnizationn-info/45/
[2025-07-18 11:25:38,689] WARNING django.request Unauthorized: /api/user-orgnizationn-info/45/
[2025-07-18 11:43:46,142] WARNING django.request Unauthorized: /api/user-orgnizationn-info/45/
[2025-07-18 11:43:55,858] WARNING django.request Unauthorized: /api/user-orgnizationn-info/45/
[2025-07-18 11:44:05,047] WARNING django.request Unauthorized: /api/user-orgnizationn-info/45/
[2025-07-18 11:44:05,849] WARNING django.request Unauthorized: /api/user-orgnizationn-info/45/
[2025-07-18 11:50:47,666] WARNING django.request Unauthorized: /api/organizations/54/
[2025-07-18 12:13:35,896] WARNING django.request Not Found: /api/user-orgnizationn-info/$
[2025-07-18 12:33:22,043] WARNING django.request Unauthorized: /api/organizations/by-user/45/
[2025-07-18 12:33:22,541] WARNING django.request Unauthorized: /api/organizations/by-user/45/
[2025-07-18 12:33:23,234] WARNING django.request Unauthorized: /api/organizations/by-user/45/
[2025-07-18 13:22:04,247] WARNING django.request Unauthorized: /api/organizations/54/
[2025-07-18 13:24:23,337] WARNING django.request Unauthorized: /api/organizations/54/
[2025-07-18 13:49:13,362] WARNING django.request Unauthorized: /api/user-orgnizationn-info/45/
[2025-07-18 13:49:22,022] WARNING django.request Unauthorized: /api/user-orgnizationn-info/45/
[2025-07-18 13:49:25,563] WARNING django.request Unauthorized: /api/user-orgnizationn-info/45/
[2025-07-18 13:49:27,578] WARNING django.request Unauthorized: /api/user-orgnizationn-info/45/
[2025-07-18 14:19:48,266] WARNING django.request Bad Request: /api/companies/
[2025-07-18 15:13:35,514] WARNING django.request Unauthorized: /api/organizations/60/
[2025-07-18 16:01:07,461] WARNING django.request Not Found: /api/user-orgnizationn-info/$
[2025-07-19 03:30:35,351] WARNING django.request Not Found: /
[2025-07-19 03:30:35,633] WARNING django.request Not Found: /favicon.ico
[2025-07-19 03:30:35,915] WARNING django.request Not Found: /robots.txt
[2025-07-19 03:30:36,196] WARNING django.request Not Found: /sitemap.xml
[2025-07-19 04:47:12,819] WARNING django.request Unauthorized: /api/organizations/54/
[2025-07-19 05:14:00,263] WARNING django.request Unauthorized: /api/organizations/54/
[2025-07-19 05:16:39,317] WARNING django.request Unauthorized: /api/organizations/54/
[2025-07-19 05:23:19,197] WARNING django.request Unauthorized: /api/organizations/54/
[2025-07-19 05:23:19,212] WARNING django.request Unauthorized: /api/organizations/54/
[2025-07-19 07:29:59,465] WARNING django.request Unauthorized: /api/organizations/54/
[2025-07-19 07:29:59,478] WARNING django.request Unauthorized: /api/organizations/54/
[2025-07-19 07:37:36,673] WARNING django.request Unauthorized: /api/organizations/54/
[2025-07-19 07:37:36,684] WARNING django.request Unauthorized: /api/organizations/54/
[2025-07-19 07:43:20,286] WARNING django.request Unauthorized: /api/organizations/
[2025-07-19 07:50:48,096] WARNING django.request Unauthorized: /api/organizations/by-user/45/
[2025-07-19 07:56:06,551] WARNING django.request Unauthorized: /api/companies/
[2025-07-19 08:03:11,542] WARNING django.request Unauthorized: /api/organizations/54/
[2025-07-19 08:03:11,552] WARNING django.request Unauthorized: /api/organizations/54/
[2025-07-19 08:09:09,656] WARNING django.request Unauthorized: /api/user-orgnizationn-info/45/
[2025-07-19 08:09:18,643] WARNING django.request Unauthorized: /api/user-orgnizationn-info/45/
[2025-07-19 08:09:50,974] WARNING django.request Unauthorized: /api/user-orgnizationn-info/45/
[2025-07-19 08:09:58,843] WARNING django.request Unauthorized: /api/user-orgnizationn-info/45/
[2025-07-19 08:10:07,618] WARNING django.request Unauthorized: /api/user-orgnizationn-info/45/
[2025-07-19 08:10:31,407] WARNING django.request Unauthorized: /api/user-orgnizationn-info/45/
[2025-07-19 09:24:11,718] WARNING django.request Unauthorized: /api/organizations/54/
[2025-07-19 09:24:11,730] WARNING django.request Unauthorized: /api/organizations/54/
[2025-07-19 09:55:31,462] WARNING django.request Unauthorized: /api/organizations/54/
[2025-07-19 09:55:31,490] WARNING django.request Unauthorized: /api/organizations/54/
[2025-07-19 10:01:14,679] WARNING django.request Unauthorized: /api/user-orgnizationn-info/45/
[2025-07-19 10:09:52,912] WARNING django.request Unauthorized: /api/user-orgnizationn-info/45/
[2025-07-19 10:09:52,928] WARNING django.request Unauthorized: /api/user-orgnizationn-info/45/
[2025-07-19 10:18:00,223] WARNING django.request Unauthorized: /api/user-orgnizationn-info/45/
[2025-07-19 10:21:13,278] WARNING django.request Unauthorized: /api/organizations/54/
[2025-07-19 10:21:43,880] WARNING django.request Unauthorized: /api/user-orgnizationn-info/45/
[2025-07-19 10:24:27,654] WARNING django.request Unauthorized: /api/organizations/54/
[2025-07-19 10:24:27,662] WARNING django.request Unauthorized: /api/organizations/54/
[2025-07-19 10:37:32,158] WARNING django.request Unauthorized: /api/organizations/54/
[2025-07-19 11:00:44,969] WARNING django.request Unauthorized: /api/organizations/54/
[2025-07-19 11:00:44,982] WARNING django.request Unauthorized: /api/organizations/54/
[2025-07-19 11:13:50,483] WARNING django.request Unauthorized: /api/user-orgnizationn-info/45/
[2025-07-19 12:36:01,514] WARNING django.request Unauthorized: /api/organizations/54/
[2025-07-19 12:36:01,529] WARNING django.request Unauthorized: /api/organizations/54/
[2025-07-19 12:43:46,947] WARNING django.request Unauthorized: /api/organizations/54/
[2025-07-19 12:43:46,966] WARNING django.request Unauthorized: /api/organizations/54/
[2025-07-19 12:50:24,123] WARNING django.request Unauthorized: /api/organizations/54/
[2025-07-19 13:10:15,559] WARNING django.request Unauthorized: /api/organizations/54/
[2025-07-19 13:15:21,996] WARNING django.request Unauthorized: /api/organizations/54/
[2025-07-19 14:14:20,394] WARNING django.request Unauthorized: /api/user-orgnizationn-info/64/
[2025-07-19 14:38:19,063] WARNING django.request Unauthorized: /api/organizations/54/
[2025-07-19 14:38:19,074] WARNING django.request Unauthorized: /api/organizations/54/
[2025-07-19 14:45:24,925] WARNING django.request Unauthorized: /api/organizations/54/
[2025-07-19 15:46:07,585] WARNING django.request Unauthorized: /api/organizations/54/
[2025-07-19 15:46:07,595] WARNING django.request Unauthorized: /api/organizations/54/
[2025-07-19 15:47:11,605] WARNING django.request Unauthorized: /api/organizations/54/
[2025-07-19 15:47:11,617] WARNING django.request Unauthorized: /api/organizations/54/
[2025-07-19 16:28:29,353] WARNING django.request Not Found: /
[2025-07-19 16:30:54,982] WARNING django.request Not Found: /
[2025-07-21 04:22:03,038] WARNING django.request Unauthorized: /api/organizations/54/
